 File has been used for this event: CSV Import Scott Bikes - CSV Import Scott Bikes.csv
 Type of the imported file: csv
 Revision of the which is used: 1
 Mode of event: Insert
 Total no of records: 30
 Rows handled on each iterations (Based on your server configuration): 1
 File used to import data into: post (Posts)
[2019-04-09 12:03:58] Message: Inserted post ID: 1075,  , Author :-  not found (assigned to Treadly) Status: publish Categories: Uncategorized  Click here to verify - Web View | Admin View 
[2019-04-09 12:04:00] Message: Inserted post ID: 1077,  , Author :-  not found (assigned to Treadly) Status: publish Categories: Uncategorized  Click here to verify - Web View | Admin View 
[2019-04-09 12:04:03] Message: Inserted post ID: 1079,  , Author :-  not found (assigned to Treadly) Status: publish Categories: Uncategorized  Click here to verify - Web View | Admin View 
[2019-04-09 12:04:05] Message: Inserted post ID: 1083,  , Author :-  not found (assigned to Treadly) Status: publish Categories: Uncategorized  Click here to verify - Web View | Admin View 
[2019-04-09 12:04:07] Message: Inserted post ID: 1085,  , Author :-  not found (assigned to Treadly) Status: publish Categories: Uncategorized  Click here to verify - Web View | Admin View 
[2019-04-09 12:04:10] Message: Inserted post ID: 1087,  , Author :-  not found (assigned to Treadly) Status: publish Categories: Uncategorized  Click here to verify - Web View | Admin View 
[2019-04-09 12:04:12] Message: Inserted post ID: 1089,  , Author :-  not found (assigned to Treadly) Status: publish Categories: Uncategorized  Click here to verify - Web View | Admin View 
[2019-04-09 12:04:18] Message: Inserted post ID: 1092,  , Author :-  not found (assigned to Treadly) Status: publish Categories: Uncategorized  Click here to verify - Web View | Admin View 
[2019-04-09 12:04:20] Message: Inserted post ID: 1097,  , Author :-  not found (assigned to Treadly) Status: publish Categories: Uncategorized  Click here to verify - Web View | Admin View 
[2019-04-09 12:04:23] Message: Inserted post ID: 1099,  , Author :-  not found (assigned to Treadly) Status: publish Categories: Uncategorized  Click here to verify - Web View | Admin View 
[2019-04-09 12:04:24] Message: Inserted post ID: 1102,  , Author :-  not found (assigned to Treadly) Status: publish Categories: Uncategorized  Click here to verify - Web View | Admin View 
[2019-04-09 12:04:26] Message: Inserted post ID: 1105,  , Author :-  not found (assigned to Treadly) Status: publish Categories: Uncategorized  Click here to verify - Web View | Admin View 
[2019-04-09 12:04:28] Message: Inserted post ID: 1108,  , Author :-  not found (assigned to Treadly) Status: publish Categories: Uncategorized  Click here to verify - Web View | Admin View 
[2019-04-09 12:04:30] Message: Inserted post ID: 1110,  , Author :-  not found (assigned to Treadly) Status: publish Categories: Uncategorized  Click here to verify - Web View | Admin View 
[2019-04-09 12:04:33] Message: Inserted post ID: 1112,  , Author :-  not found (assigned to Treadly) Status: publish Categories: Uncategorized  Click here to verify - Web View | Admin View 
[2019-04-09 12:04:35] Message: Inserted post ID: 1116,  , Author :-  not found (assigned to Treadly) Status: publish Categories: Uncategorized  Click here to verify - Web View | Admin View 
[2019-04-09 12:04:37] Message: Inserted post ID: 1120,  , Author :-  not found (assigned to Treadly) Status: publish Categories: Uncategorized  Click here to verify - Web View | Admin View 
[2019-04-09 12:04:38] Message: Inserted post ID: 1123,  , Author :-  not found (assigned to Treadly) Status: publish Categories: Uncategorized  Click here to verify - Web View | Admin View 
[2019-04-09 12:04:40] Message: Inserted post ID: 1125,  , Author :-  not found (assigned to Treadly) Status: publish Categories: Uncategorized  Click here to verify - Web View | Admin View 
[2019-04-09 12:04:43] Message: Inserted post ID: 1128,  , Author :-  not found (assigned to Treadly) Status: publish Categories: Uncategorized  Click here to verify - Web View | Admin View 
[2019-04-09 12:04:45] Message: Inserted post ID: 1132,  , Author :-  not found (assigned to Treadly) Status: publish Categories: Uncategorized  Click here to verify - Web View | Admin View 
[2019-04-09 12:04:48] Message: Inserted post ID: 1135,  , Author :-  not found (assigned to Treadly) Status: publish Categories: Uncategorized  Click here to verify - Web View | Admin View 
[2019-04-09 12:04:51] Message: Inserted post ID: 1137,  , Author :-  not found (assigned to Treadly) Status: publish Categories: Uncategorized  Click here to verify - Web View | Admin View 
[2019-04-09 12:04:54] Message: Inserted post ID: 1139,  , Author :-  not found (assigned to Treadly) Status: publish Categories: Uncategorized  Click here to verify - Web View | Admin View 
[2019-04-09 12:04:56] Message: Inserted post ID: 1143,  , Author :-  not found (assigned to Treadly) Status: publish Categories: Uncategorized  Click here to verify - Web View | Admin View 
[2019-04-09 12:04:59] Message: Inserted post ID: 1146,  , Author :-  not found (assigned to Treadly) Status: publish Categories: Uncategorized  Click here to verify - Web View | Admin View 
[2019-04-09 12:05:01] Message: Inserted post ID: 1150,  , Author :-  not found (assigned to Treadly) Status: publish Categories: Uncategorized  Click here to verify - Web View | Admin View 
[2019-04-09 12:05:04] Message: Inserted post ID: 1152,  , Author :-  not found (assigned to Treadly) Status: publish Categories: Uncategorized  Click here to verify - Web View | Admin View 
[2019-04-09 12:05:07] Message: Inserted post ID: 1155,  , Author :-  not found (assigned to Treadly) Status: publish Categories: Uncategorized  Click here to verify - Web View | Admin View 
[2019-04-09 12:05:09] Message: Inserted post ID: 1159,  , Author :-  not found (assigned to Treadly) Status: publish Categories: Uncategorized  Click here to verify - Web View | Admin View 
