 File has been used for this event: CSV Import Scott Bikes.csv
 Type of the imported file: csv
 Revision of the which is used: 3
 Mode of event: Insert
 Total no of records: 30
 Rows handled on each iterations (Based on your server configuration): 1
 File used to import data into: post (Posts)
[2019-03-01 08:54:28] Message: Inserted post ID: 503,  , Author :-  not found (assigned to Treadly) Status: publish Categories: Uncategorized  Click here to verify - Web View | Admin View 
[2019-03-01 08:54:30] Message: Inserted post ID: 504,  , Author :-  not found (assigned to Treadly) Status: publish Categories: Uncategorized  Click here to verify - Web View | Admin View 
[2019-03-01 08:54:31] Message: Inserted post ID: 505,  , Author :-  not found (assigned to Treadly) Status: publish Categories: Uncategorized  Click here to verify - Web View | Admin View 
[2019-03-01 08:54:32] Message: Inserted post ID: 506,  , Author :-  not found (assigned to Treadly) Status: publish Categories: Uncategorized  Click here to verify - Web View | Admin View 
[2019-03-01 08:54:33] Message: Inserted post ID: 507,  , Author :-  not found (assigned to Treadly) Status: publish Categories: Uncategorized  Click here to verify - Web View | Admin View 
[2019-03-01 08:54:35] Message: Inserted post ID: 508,  , Author :-  not found (assigned to Treadly) Status: publish Categories: Uncategorized  Click here to verify - Web View | Admin View 
[2019-03-01 08:54:36] Message: Inserted post ID: 509,  , Author :-  not found (assigned to Treadly) Status: publish Categories: Uncategorized  Click here to verify - Web View | Admin View 
[2019-03-01 08:54:37] Message: Inserted post ID: 510,  , Author :-  not found (assigned to Treadly) Status: publish Categories: Uncategorized  Click here to verify - Web View | Admin View 
[2019-03-01 08:54:38] Message: Inserted post ID: 511,  , Author :-  not found (assigned to Treadly) Status: publish Categories: Uncategorized  Click here to verify - Web View | Admin View 
[2019-03-01 08:54:40] Message: Inserted post ID: 512,  , Author :-  not found (assigned to Treadly) Status: publish Categories: Uncategorized  Click here to verify - Web View | Admin View 
[2019-03-01 08:54:40] Message: Inserted post ID: 513,  , Author :-  not found (assigned to Treadly) Status: publish Categories: Uncategorized  Click here to verify - Web View | Admin View 
[2019-03-01 08:54:42] Message: Inserted post ID: 514,  , Author :-  not found (assigned to Treadly) Status: publish Categories: Uncategorized  Click here to verify - Web View | Admin View 
[2019-03-01 08:54:43] Message: Inserted post ID: 515,  , Author :-  not found (assigned to Treadly) Status: publish Categories: Uncategorized  Click here to verify - Web View | Admin View 
[2019-03-01 08:54:45] Message: Inserted post ID: 516,  , Author :-  not found (assigned to Treadly) Status: publish Categories: Uncategorized  Click here to verify - Web View | Admin View 
[2019-03-01 08:54:46] Message: Inserted post ID: 517,  , Author :-  not found (assigned to Treadly) Status: publish Categories: Uncategorized  Click here to verify - Web View | Admin View 
[2019-03-01 08:54:48] Message: Inserted post ID: 518,  , Author :-  not found (assigned to Treadly) Status: publish Categories: Uncategorized  Click here to verify - Web View | Admin View 
[2019-03-01 08:54:48] Message: Inserted post ID: 519,  , Author :-  not found (assigned to Treadly) Status: publish Categories: Uncategorized  Click here to verify - Web View | Admin View 
[2019-03-01 08:54:50] Message: Inserted post ID: 520,  , Author :-  not found (assigned to Treadly) Status: publish Categories: Uncategorized  Click here to verify - Web View | Admin View 
[2019-03-01 08:54:51] Message: Inserted post ID: 521,  , Author :-  not found (assigned to Treadly) Status: publish Categories: Uncategorized  Click here to verify - Web View | Admin View 
[2019-03-01 08:54:53] Message: Inserted post ID: 522,  , Author :-  not found (assigned to Treadly) Status: publish Categories: Uncategorized  Click here to verify - Web View | Admin View 
[2019-03-01 08:54:53] Message: Inserted post ID: 523,  , Author :-  not found (assigned to Treadly) Status: publish Categories: Uncategorized  Click here to verify - Web View | Admin View 
[2019-03-01 08:54:55] Message: Inserted post ID: 524,  , Author :-  not found (assigned to Treadly) Status: publish Categories: Uncategorized  Click here to verify - Web View | Admin View 
[2019-03-01 08:54:56] Message: Inserted post ID: 525,  , Author :-  not found (assigned to Treadly) Status: publish Categories: Uncategorized  Click here to verify - Web View | Admin View 
[2019-03-01 08:54:58] Message: Inserted post ID: 526,  , Author :-  not found (assigned to Treadly) Status: publish Categories: Uncategorized  Click here to verify - Web View | Admin View 
[2019-03-01 08:54:58] Message: Inserted post ID: 527,  , Author :-  not found (assigned to Treadly) Status: publish Categories: Uncategorized  Click here to verify - Web View | Admin View 
[2019-03-01 08:55:00] Message: Inserted post ID: 528,  , Author :-  not found (assigned to Treadly) Status: publish Categories: Uncategorized  Click here to verify - Web View | Admin View 
[2019-03-01 08:55:01] Message: Inserted post ID: 529,  , Author :-  not found (assigned to Treadly) Status: publish Categories: Uncategorized  Click here to verify - Web View | Admin View 
[2019-03-01 08:55:02] Message: Inserted post ID: 530,  , Author :-  not found (assigned to Treadly) Status: publish Categories: Uncategorized  Click here to verify - Web View | Admin View 
[2019-03-01 08:55:03] Message: Inserted post ID: 531,  , Author :-  not found (assigned to Treadly) Status: publish Categories: Uncategorized  Click here to verify - Web View | Admin View 
[2019-03-01 08:55:05] Message: Inserted post ID: 532,  , Author :-  not found (assigned to Treadly) Status: publish Categories: Uncategorized  Click here to verify - Web View | Admin View 
