 File has been used for this event: CSV Import Scott Bikes.csv
 Type of the imported file: csv
 Revision of the which is used: 9
 Mode of event: Insert
 Total no of records: 30
 Rows handled on each iterations (Based on your server configuration): 1
 File used to import data into: post (Posts)
[2019-03-05 11:14:14] Message: Duplicate found can not insert this Categories: Uncategorized 
[2019-03-05 11:14:15] Message: Duplicate found can not insert this Categories: Uncategorized 
[2019-03-05 11:14:16] Message: Inserted post ID: 578,  , Author :-  not found (assigned to Treadly) Status: publish Categories: Uncategorized  Click here to verify - Web View | Admin View 
[2019-03-05 11:14:18] Message: Inserted post ID: 580,  , Author :-  not found (assigned to Treadly) Status: publish Categories: Uncategorized  Click here to verify - Web View | Admin View 
[2019-03-05 11:14:19] Message: Inserted post ID: 584,  , Author :-  not found (assigned to Treadly) Status: publish Categories: Uncategorized  Click here to verify - Web View | Admin View 
[2019-03-05 11:14:21] Message: Inserted post ID: 587,  , Author :-  not found (assigned to Treadly) Status: publish Categories: Uncategorized  Click here to verify - Web View | Admin View 
[2019-03-05 11:14:22] Message: Inserted post ID: 589,  , Author :-  not found (assigned to Treadly) Status: publish Categories: Uncategorized  Click here to verify - Web View | Admin View 
[2019-03-05 11:14:24] Message: Inserted post ID: 591,  , Author :-  not found (assigned to Treadly) Status: publish Categories: Uncategorized  Click here to verify - Web View | Admin View 
[2019-03-05 11:14:25] Message: Inserted post ID: 593,  , Author :-  not found (assigned to Treadly) Status: publish Categories: Uncategorized  Click here to verify - Web View | Admin View 
[2019-03-05 11:14:27] Message: Inserted post ID: 595,  , Author :-  not found (assigned to Treadly) Status: publish Categories: Uncategorized  Click here to verify - Web View | Admin View 
[2019-03-05 11:14:28] Message: Inserted post ID: 597,  , Author :-  not found (assigned to Treadly) Status: publish Categories: Uncategorized  Click here to verify - Web View | Admin View 
[2019-03-05 11:14:30] Message: Inserted post ID: 605,  , Author :-  not found (assigned to Treadly) Status: publish Categories: Uncategorized  Click here to verify - Web View | Admin View 
[2019-03-05 11:14:31] Message: Inserted post ID: 607,  , Author :-  not found (assigned to Treadly) Status: publish Categories: Uncategorized  Click here to verify - Web View | Admin View 
[2019-03-05 11:14:33] Message: Inserted post ID: 609,  , Author :-  not found (assigned to Treadly) Status: publish Categories: Uncategorized  Click here to verify - Web View | Admin View 
[2019-03-05 11:14:34] Message: Inserted post ID: 611,  , Author :-  not found (assigned to Treadly) Status: publish Categories: Uncategorized  Click here to verify - Web View | Admin View 
[2019-03-05 11:14:36] Message: Inserted post ID: 613,  , Author :-  not found (assigned to Treadly) Status: publish Categories: Uncategorized  Click here to verify - Web View | Admin View 
[2019-03-05 11:14:37] Message: Inserted post ID: 615,  , Author :-  not found (assigned to Treadly) Status: publish Categories: Uncategorized  Click here to verify - Web View | Admin View 
[2019-03-05 11:14:39] Message: Inserted post ID: 617,  , Author :-  not found (assigned to Treadly) Status: publish Categories: Uncategorized  Click here to verify - Web View | Admin View 
[2019-03-05 11:14:40] Message: Inserted post ID: 626,  , Author :-  not found (assigned to Treadly) Status: publish Categories: Uncategorized  Click here to verify - Web View | Admin View 
[2019-03-05 11:14:42] Message: Inserted post ID: 628,  , Author :-  not found (assigned to Treadly) Status: publish Categories: Uncategorized  Click here to verify - Web View | Admin View 
[2019-03-05 11:14:43] Message: Inserted post ID: 630,  , Author :-  not found (assigned to Treadly) Status: publish Categories: Uncategorized  Click here to verify - Web View | Admin View 
[2019-03-05 11:14:45] Message: Inserted post ID: 632,  , Author :-  not found (assigned to Treadly) Status: publish Categories: Uncategorized  Click here to verify - Web View | Admin View 
[2019-03-05 11:14:46] Message: Inserted post ID: 634,  , Author :-  not found (assigned to Treadly) Status: publish Categories: Uncategorized  Click here to verify - Web View | Admin View 
[2019-03-05 11:14:48] Message: Inserted post ID: 636,  , Author :-  not found (assigned to Treadly) Status: publish Categories: Uncategorized  Click here to verify - Web View | Admin View 
[2019-03-05 11:14:49] Message: Inserted post ID: 638,  , Author :-  not found (assigned to Treadly) Status: publish Categories: Uncategorized  Click here to verify - Web View | Admin View 
[2019-03-05 11:14:51] Message: Inserted post ID: 647,  , Author :-  not found (assigned to Treadly) Status: publish Categories: Uncategorized  Click here to verify - Web View | Admin View 
[2019-03-05 11:14:52] Message: Inserted post ID: 649,  , Author :-  not found (assigned to Treadly) Status: publish Categories: Uncategorized  Click here to verify - Web View | Admin View 
[2019-03-05 11:14:54] Message: Inserted post ID: 651,  , Author :-  not found (assigned to Treadly) Status: publish Categories: Uncategorized  Click here to verify - Web View | Admin View 
[2019-03-05 11:14:56] Message: Inserted post ID: 653,  , Author :-  not found (assigned to Treadly) Status: publish Categories: Uncategorized  Click here to verify - Web View | Admin View 
[2019-03-05 11:14:58] Message: Inserted post ID: 655,  , Author :-  not found (assigned to Treadly) Status: publish Categories: Uncategorized  Click here to verify - Web View | Admin View 
 File has been used for this event: CSV Import Scott Bikes.csv
 Type of the imported file: csv
 Revision of the which is used: 9
 Mode of event: Insert
 Total no of records: 30
 Rows handled on each iterations (Based on your server configuration): 1
 File used to import data into: post (Posts)
[2019-03-05 18:36:26] Message: Duplicate found can not insert this Categories: Uncategorized 
[2019-03-05 18:36:36] Message: Duplicate found can not insert this Categories: Uncategorized 
[2019-03-05 18:36:39] Message: Duplicate found can not insert this Categories: Uncategorized 
[2019-03-05 18:36:48] Message: Duplicate found can not insert this Categories: Uncategorized 
[2019-03-05 18:36:50] Message: Duplicate found can not insert this Categories: Uncategorized 
[2019-03-05 18:36:53] Message: Duplicate found can not insert this Categories: Uncategorized 
[2019-03-05 18:36:55] Message: Duplicate found can not insert this Categories: Uncategorized 
[2019-03-05 18:36:57] Message: Duplicate found can not insert this Categories: Uncategorized 
[2019-03-05 18:36:59] Message: Duplicate found can not insert this Categories: Uncategorized 
[2019-03-05 18:37:01] Message: Duplicate found can not insert this Categories: Uncategorized 
[2019-03-05 18:37:05] Message: Duplicate found can not insert this Categories: Uncategorized 
[2019-03-05 18:37:06] Message: Duplicate found can not insert this Categories: Uncategorized 
[2019-03-05 18:37:07] Message: Duplicate found can not insert this Categories: Uncategorized 
[2019-03-05 18:37:12] Message: Duplicate found can not insert this Categories: Uncategorized 
[2019-03-05 18:37:15] Message: Duplicate found can not insert this Categories: Uncategorized 
[2019-03-05 18:37:17] Message: Duplicate found can not insert this Categories: Uncategorized 
[2019-03-05 18:37:18] Message: Duplicate found can not insert this Categories: Uncategorized 
[2019-03-05 18:37:22] Message: Duplicate found can not insert this Categories: Uncategorized 
[2019-03-05 18:37:27] Message: Duplicate found can not insert this Categories: Uncategorized 
