 File has been used for this event: CSV Import Scott Bikes - CSV Import Scott Bikes.csv
 Type of the imported file: csv
 Revision of the which is used: 2
 Mode of event: Insert
 Total no of records: 30
 Rows handled on each iterations (Based on your server configuration): 1
 File used to import data into: post (Posts)
[2019-04-10 04:24:17] Message: Inserted post ID: 1196,  , Author :-  not found (assigned to Treadly) Status: publish Categories: Uncategorized  Click here to verify - Web View | Admin View 
[2019-04-10 04:24:20] Message: Inserted post ID: 1198,  , Author :-  not found (assigned to Treadly) Status: publish Categories: Uncategorized  Click here to verify - Web View | Admin View 
[2019-04-10 04:24:22] Message: Inserted post ID: 1200,  , Author :-  not found (assigned to Treadly) Status: publish Categories: Uncategorized  Click here to verify - Web View | Admin View 
[2019-04-10 04:24:23] Message: Inserted post ID: 1204,  , Author :-  not found (assigned to Treadly) Status: publish Categories: Uncategorized  Click here to verify - Web View | Admin View 
[2019-04-10 04:24:26] Message: Inserted post ID: 1206,  , Author :-  not found (assigned to Treadly) Status: publish Categories: Uncategorized  Click here to verify - Web View | Admin View 
[2019-04-10 04:24:27] Message: Inserted post ID: 1208,  , Author :-  not found (assigned to Treadly) Status: publish Categories: Uncategorized  Click here to verify - Web View | Admin View 
[2019-04-10 04:24:30] Message: Inserted post ID: 1210,  , Author :-  not found (assigned to Treadly) Status: publish Categories: Uncategorized  Click here to verify - Web View | Admin View 
[2019-04-10 04:24:32] Message: Inserted post ID: 1212,  , Author :-  not found (assigned to Treadly) Status: publish Categories: Uncategorized  Click here to verify - Web View | Admin View 
[2019-04-10 04:24:34] Message: Inserted post ID: 1216,  , Author :-  not found (assigned to Treadly) Status: publish Categories: Uncategorized  Click here to verify - Web View | Admin View 
[2019-04-10 04:24:35] Message: Inserted post ID: 1220,  , Author :-  not found (assigned to Treadly) Status: publish Categories: Uncategorized  Click here to verify - Web View | Admin View 
[2019-04-10 04:24:37] Message: Inserted post ID: 1223,  , Author :-  not found (assigned to Treadly) Status: publish Categories: Uncategorized  Click here to verify - Web View | Admin View 
[2019-04-10 04:24:39] Message: Inserted post ID: 1225,  , Author :-  not found (assigned to Treadly) Status: publish Categories: Uncategorized  Click here to verify - Web View | Admin View 
[2019-04-10 04:24:41] Message: Inserted post ID: 1227,  , Author :-  not found (assigned to Treadly) Status: publish Categories: Uncategorized  Click here to verify - Web View | Admin View 
[2019-04-10 04:24:43] Message: Inserted post ID: 1231,  , Author :-  not found (assigned to Treadly) Status: publish Categories: Uncategorized  Click here to verify - Web View | Admin View 
[2019-04-10 04:24:44] Message: Inserted post ID: 1235,  , Author :-  not found (assigned to Treadly) Status: publish Categories: Uncategorized  Click here to verify - Web View | Admin View 
[2019-04-10 04:24:46] Message: Inserted post ID: 1238,  , Author :-  not found (assigned to Treadly) Status: publish Categories: Uncategorized  Click here to verify - Web View | Admin View 
[2019-04-10 04:24:48] Message: Inserted post ID: 1240,  , Author :-  not found (assigned to Treadly) Status: publish Categories: Uncategorized  Click here to verify - Web View | Admin View 
[2019-04-10 04:24:51] Message: Inserted post ID: 1242,  , Author :-  not found (assigned to Treadly) Status: publish Categories: Uncategorized  Click here to verify - Web View | Admin View 
[2019-04-10 04:24:52] Message: Inserted post ID: 1246,  , Author :-  not found (assigned to Treadly) Status: publish Categories: Uncategorized  Click here to verify - Web View | Admin View 
[2019-04-10 04:24:54] Message: Inserted post ID: 1250,  , Author :-  not found (assigned to Treadly) Status: publish Categories: Uncategorized  Click here to verify - Web View | Admin View 
[2019-04-10 04:24:56] Message: Inserted post ID: 1253,  , Author :-  not found (assigned to Treadly) Status: publish Categories: Uncategorized  Click here to verify - Web View | Admin View 
[2019-04-10 04:24:59] Message: Inserted post ID: 1255,  , Author :-  not found (assigned to Treadly) Status: publish Categories: Uncategorized  Click here to verify - Web View | Admin View 
[2019-04-10 04:25:02] Message: Inserted post ID: 1257,  , Author :-  not found (assigned to Treadly) Status: publish Categories: Uncategorized  Click here to verify - Web View | Admin View 
[2019-04-10 04:25:04] Message: Inserted post ID: 1261,  , Author :-  not found (assigned to Treadly) Status: publish Categories: Uncategorized  Click here to verify - Web View | Admin View 
[2019-04-10 04:25:05] Message: Inserted post ID: 1265,  , Author :-  not found (assigned to Treadly) Status: publish Categories: Uncategorized  Click here to verify - Web View | Admin View 
[2019-04-10 04:25:07] Message: Inserted post ID: 1268,  , Author :-  not found (assigned to Treadly) Status: publish Categories: Uncategorized  Click here to verify - Web View | Admin View 
[2019-04-10 04:25:10] Message: Inserted post ID: 1270,  , Author :-  not found (assigned to Treadly) Status: publish Categories: Uncategorized  Click here to verify - Web View | Admin View 
[2019-04-10 04:25:13] Message: Inserted post ID: 1272,  , Author :-  not found (assigned to Treadly) Status: publish Categories: Uncategorized  Click here to verify - Web View | Admin View 
[2019-04-10 04:25:14] Message: Inserted post ID: 1276,  , Author :-  not found (assigned to Treadly) Status: publish Categories: Uncategorized  Click here to verify - Web View | Admin View 
[2019-04-10 04:25:16] Message: Inserted post ID: 1279,  , Author :-  not found (assigned to Treadly) Status: publish Categories: Uncategorized  Click here to verify - Web View | Admin View 
