 File has been used for this event: CSV Import Template.csv
 Type of the imported file: csv
 Revision of the which is used: 4
 Mode of event: Insert
 Total no of records: 32
 Rows handled on each iterations (Based on your server configuration): 1
 File used to import data into: post (Posts)
[2019-03-06 04:27:49] Message: Inserted post ID: 842,  , Author :- Treadly Status: draft Categories: Uncategorized  Click here to verify - Web View | Admin View 
[2019-03-06 04:27:51] Message: Inserted post ID: 843,  , Author :-  not found (assigned to Treadly) Status: publish Categories: Uncategorized  Click here to verify - Web View | Admin View 
[2019-03-06 04:27:52] Message: Inserted post ID: 844,  , Author :-  not found (assigned to Treadly) Status: publish Categories: Uncategorized  Click here to verify - Web View | Admin View 
[2019-03-06 04:27:54] Message: Inserted post ID: 845,  , Author :-  not found (assigned to Treadly) Status: publish Categories: Uncategorized  Click here to verify - Web View | Admin View 
[2019-03-06 04:27:55] Message: Inserted post ID: 846,  , Author :-  not found (assigned to Treadly) Status: publish Categories: Uncategorized  Click here to verify - Web View | Admin View 
[2019-03-06 04:27:57] Message: Inserted post ID: 847,  , Author :-  not found (assigned to Treadly) Status: publish Categories: Uncategorized  Click here to verify - Web View | Admin View 
[2019-03-06 04:27:58] Message: Inserted post ID: 848,  , Author :-  not found (assigned to Treadly) Status: publish Categories: Uncategorized  Click here to verify - Web View | Admin View 
[2019-03-06 04:27:59] Message: Inserted post ID: 849,  , Author :-  not found (assigned to Treadly) Status: publish Categories: Uncategorized  Click here to verify - Web View | Admin View 
[2019-03-06 04:28:01] Message: Inserted post ID: 850,  , Author :-  not found (assigned to Treadly) Status: publish Categories: Uncategorized  Click here to verify - Web View | Admin View 
[2019-03-06 04:28:02] Message: Inserted post ID: 851,  , Author :-  not found (assigned to Treadly) Status: publish Categories: Uncategorized  Click here to verify - Web View | Admin View 
[2019-03-06 04:28:04] Message: Inserted post ID: 852,  , Author :-  not found (assigned to Treadly) Status: publish Categories: Uncategorized  Click here to verify - Web View | Admin View 
[2019-03-06 04:28:05] Message: Inserted post ID: 853,  , Author :-  not found (assigned to Treadly) Status: publish Categories: Uncategorized  Click here to verify - Web View | Admin View 
[2019-03-06 04:28:07] Message: Inserted post ID: 854,  , Author :-  not found (assigned to Treadly) Status: publish Categories: Uncategorized  Click here to verify - Web View | Admin View 
[2019-03-06 04:28:07] Message: Inserted post ID: 855,  , Author :-  not found (assigned to Treadly) Status: publish Categories: Uncategorized  Click here to verify - Web View | Admin View 
[2019-03-06 04:28:09] Message: Inserted post ID: 856,  , Author :-  not found (assigned to Treadly) Status: publish Categories: Uncategorized  Click here to verify - Web View | Admin View 
[2019-03-06 04:28:10] Message: Inserted post ID: 857,  , Author :-  not found (assigned to Treadly) Status: publish Categories: Uncategorized  Click here to verify - Web View | Admin View 
[2019-03-06 04:28:12] Message: Inserted post ID: 858,  , Author :-  not found (assigned to Treadly) Status: publish Categories: Uncategorized  Click here to verify - Web View | Admin View 
[2019-03-06 04:28:13] Message: Inserted post ID: 859,  , Author :-  not found (assigned to Treadly) Status: publish Categories: Uncategorized  Click here to verify - Web View | Admin View 
[2019-03-06 04:28:15] Message: Inserted post ID: 860,  , Author :-  not found (assigned to Treadly) Status: publish Categories: Uncategorized  Click here to verify - Web View | Admin View 
[2019-03-06 04:28:16] Message: Inserted post ID: 861,  , Author :-  not found (assigned to Treadly) Status: publish Categories: Uncategorized  Click here to verify - Web View | Admin View 
[2019-03-06 04:28:17] Message: Inserted post ID: 862,  , Author :-  not found (assigned to Treadly) Status: publish Categories: Uncategorized  Click here to verify - Web View | Admin View 
[2019-03-06 04:28:18] Message: Inserted post ID: 863,  , Author :-  not found (assigned to Treadly) Status: publish Categories: Uncategorized  Click here to verify - Web View | Admin View 
[2019-03-06 04:28:20] Message: Inserted post ID: 864,  , Author :-  not found (assigned to Treadly) Status: publish Categories: Uncategorized  Click here to verify - Web View | Admin View 
[2019-03-06 04:28:21] Message: Inserted post ID: 865,  , Author :-  not found (assigned to Treadly) Status: publish Categories: Uncategorized  Click here to verify - Web View | Admin View 
[2019-03-06 04:28:23] Message: Inserted post ID: 866,  , Author :-  not found (assigned to Treadly) Status: publish Categories: Uncategorized  Click here to verify - Web View | Admin View 
[2019-03-06 04:28:24] Message: Inserted post ID: 867,  , Author :-  not found (assigned to Treadly) Status: publish Categories: Uncategorized  Click here to verify - Web View | Admin View 
[2019-03-06 04:28:25] Message: Inserted post ID: 868,  , Author :-  not found (assigned to Treadly) Status: publish Categories: Uncategorized  Click here to verify - Web View | Admin View 
[2019-03-06 04:28:26] Message: Inserted post ID: 869,  , Author :-  not found (assigned to Treadly) Status: publish Categories: Uncategorized  Click here to verify - Web View | Admin View 
[2019-03-06 04:28:28] Message: Inserted post ID: 870,  , Author :-  not found (assigned to Treadly) Status: publish Categories: Uncategorized  Click here to verify - Web View | Admin View 
[2019-03-06 04:28:29] Message: Inserted post ID: 871,  , Author :-  not found (assigned to Treadly) Status: publish Categories: Uncategorized  Click here to verify - Web View | Admin View 
[2019-03-06 04:28:31] Message: Inserted post ID: 872,  , Author :-  not found (assigned to Treadly) Status: publish Categories: Uncategorized  Click here to verify - Web View | Admin View 
