 File has been used for this event: CSV Import Scott Bikes.csv
 Type of the imported file: csv
 Revision of the which is used: 5
 Mode of event: Update
 Total no of records: 30
 Rows handled on each iterations (Based on your server configuration): 1
 File used to import data into: post (Posts)
[2019-03-01 09:09:10] Message: Updated post ID: 503,  , Author :-  not found (assigned to Treadly) Status: publish Categories: Uncategorized  Click here to verify - Web View | Admin View 
[2019-03-01 09:09:12] Message: Updated post ID: 504,  , Author :-  not found (assigned to Treadly) Status: publish Categories: Uncategorized  Click here to verify - Web View | Admin View 
[2019-03-01 09:09:13] Message: Updated post ID: 505,  , Author :-  not found (assigned to Treadly) Status: publish Categories: Uncategorized  Click here to verify - Web View | Admin View 
[2019-03-01 09:09:14] Message: Updated post ID: 506,  , Author :-  not found (assigned to Treadly) Status: publish Categories: Uncategorized  Click here to verify - Web View | Admin View 
[2019-03-01 09:09:15] Message: Updated post ID: 507,  , Author :-  not found (assigned to Treadly) Status: publish Categories: Uncategorized  Click here to verify - Web View | Admin View 
[2019-03-01 09:09:16] Message: Updated post ID: 508,  , Author :-  not found (assigned to Treadly) Status: publish Categories: Uncategorized  Click here to verify - Web View | Admin View 
[2019-03-01 09:09:17] Message: Updated post ID: 509,  , Author :-  not found (assigned to Treadly) Status: publish Categories: Uncategorized  Click here to verify - Web View | Admin View 
[2019-03-01 09:09:19] Message: Updated post ID: 510,  , Author :-  not found (assigned to Treadly) Status: publish Categories: Uncategorized  Click here to verify - Web View | Admin View 
[2019-03-01 09:09:20] Message: Updated post ID: 511,  , Author :-  not found (assigned to Treadly) Status: publish Categories: Uncategorized  Click here to verify - Web View | Admin View 
[2019-03-01 09:09:21] Message: Updated post ID: 512,  , Author :-  not found (assigned to Treadly) Status: publish Categories: Uncategorized  Click here to verify - Web View | Admin View 
[2019-03-01 09:09:22] Message: Updated post ID: 513,  , Author :-  not found (assigned to Treadly) Status: publish Categories: Uncategorized  Click here to verify - Web View | Admin View 
[2019-03-01 09:09:23] Message: Updated post ID: 514,  , Author :-  not found (assigned to Treadly) Status: publish Categories: Uncategorized  Click here to verify - Web View | Admin View 
[2019-03-01 09:09:24] Message: Updated post ID: 515,  , Author :-  not found (assigned to Treadly) Status: publish Categories: Uncategorized  Click here to verify - Web View | Admin View 
[2019-03-01 09:09:26] Message: Updated post ID: 516,  , Author :-  not found (assigned to Treadly) Status: publish Categories: Uncategorized  Click here to verify - Web View | Admin View 
[2019-03-01 09:09:27] Message: Updated post ID: 517,  , Author :-  not found (assigned to Treadly) Status: publish Categories: Uncategorized  Click here to verify - Web View | Admin View 
[2019-03-01 09:09:28] Message: Updated post ID: 518,  , Author :-  not found (assigned to Treadly) Status: publish Categories: Uncategorized  Click here to verify - Web View | Admin View 
[2019-03-01 09:09:29] Message: Updated post ID: 519,  , Author :-  not found (assigned to Treadly) Status: publish Categories: Uncategorized  Click here to verify - Web View | Admin View 
[2019-03-01 09:09:31] Message: Updated post ID: 520,  , Author :-  not found (assigned to Treadly) Status: publish Categories: Uncategorized  Click here to verify - Web View | Admin View 
[2019-03-01 09:09:32] Message: Updated post ID: 521,  , Author :-  not found (assigned to Treadly) Status: publish Categories: Uncategorized  Click here to verify - Web View | Admin View 
[2019-03-01 09:09:33] Message: Updated post ID: 522,  , Author :-  not found (assigned to Treadly) Status: publish Categories: Uncategorized  Click here to verify - Web View | Admin View 
[2019-03-01 09:09:34] Message: Updated post ID: 523,  , Author :-  not found (assigned to Treadly) Status: publish Categories: Uncategorized  Click here to verify - Web View | Admin View 
[2019-03-01 09:09:36] Message: Updated post ID: 524,  , Author :-  not found (assigned to Treadly) Status: publish Categories: Uncategorized  Click here to verify - Web View | Admin View 
[2019-03-01 09:09:36] Message: Updated post ID: 525,  , Author :-  not found (assigned to Treadly) Status: publish Categories: Uncategorized  Click here to verify - Web View | Admin View 
[2019-03-01 09:09:38] Message: Updated post ID: 526,  , Author :-  not found (assigned to Treadly) Status: publish Categories: Uncategorized  Click here to verify - Web View | Admin View 
[2019-03-01 09:09:39] Message: Updated post ID: 527,  , Author :-  not found (assigned to Treadly) Status: publish Categories: Uncategorized  Click here to verify - Web View | Admin View 
[2019-03-01 09:09:40] Message: Updated post ID: 528,  , Author :-  not found (assigned to Treadly) Status: publish Categories: Uncategorized  Click here to verify - Web View | Admin View 
[2019-03-01 09:09:41] Message: Updated post ID: 529,  , Author :-  not found (assigned to Treadly) Status: publish Categories: Uncategorized  Click here to verify - Web View | Admin View 
[2019-03-01 09:09:42] Message: Updated post ID: 530,  , Author :-  not found (assigned to Treadly) Status: publish Categories: Uncategorized  Click here to verify - Web View | Admin View 
[2019-03-01 09:09:43] Message: Updated post ID: 531,  , Author :-  not found (assigned to Treadly) Status: publish Categories: Uncategorized  Click here to verify - Web View | Admin View 
[2019-03-01 09:09:45] Message: Updated post ID: 532,  , Author :-  not found (assigned to Treadly) Status: publish Categories: Uncategorized  Click here to verify - Web View | Admin View 
