 File has been used for this event: CSV Import Scott Bikes.csv
 Type of the imported file: csv
 Revision of the which is used: 7
 Mode of event: Update
 Total no of records: 30
 Rows handled on each iterations (Based on your server configuration): 1
 File used to import data into: post (Posts)
[2019-03-01 10:45:49] Message: Updated post ID: 503,  , Author :-  not found (assigned to Treadly) Status: publish Categories: Uncategorized  Click here to verify - Web View | Admin View 
[2019-03-01 10:45:50] Message: Updated post ID: 504,  , Author :-  not found (assigned to Treadly) Status: publish Categories: Uncategorized  Click here to verify - Web View | Admin View 
[2019-03-01 10:45:51] Message: Updated post ID: 505,  , Author :-  not found (assigned to Treadly) Status: publish Categories: Uncategorized  Click here to verify - Web View | Admin View 
[2019-03-01 10:45:53] Message: Updated post ID: 506,  , Author :-  not found (assigned to Treadly) Status: publish Categories: Uncategorized  Click here to verify - Web View | Admin View 
[2019-03-01 10:45:54] Message: Updated post ID: 507,  , Author :-  not found (assigned to Treadly) Status: publish Categories: Uncategorized  Click here to verify - Web View | Admin View 
[2019-03-01 10:45:59] Message: Updated post ID: 508,  , Author :-  not found (assigned to Treadly) Status: publish Categories: Uncategorized  Click here to verify - Web View | Admin View 
[2019-03-01 10:46:00] Message: Updated post ID: 509,  , Author :-  not found (assigned to Treadly) Status: publish Categories: Uncategorized  Click here to verify - Web View | Admin View 
[2019-03-01 10:46:02] Message: Updated post ID: 510,  , Author :-  not found (assigned to Treadly) Status: publish Categories: Uncategorized  Click here to verify - Web View | Admin View 
[2019-03-01 10:46:02] Message: Updated post ID: 511,  , Author :-  not found (assigned to Treadly) Status: publish Categories: Uncategorized  Click here to verify - Web View | Admin View 
[2019-03-01 10:46:04] Message: Updated post ID: 512,  , Author :-  not found (assigned to Treadly) Status: publish Categories: Uncategorized  Click here to verify - Web View | Admin View 
[2019-03-01 10:46:05] Message: Updated post ID: 513,  , Author :-  not found (assigned to Treadly) Status: publish Categories: Uncategorized  Click here to verify - Web View | Admin View 
[2019-03-01 10:46:07] Message: Updated post ID: 514,  , Author :-  not found (assigned to Treadly) Status: publish Categories: Uncategorized  Click here to verify - Web View | Admin View 
[2019-03-01 10:46:08] Message: Updated post ID: 515,  , Author :-  not found (assigned to Treadly) Status: publish Categories: Uncategorized  Click here to verify - Web View | Admin View 
[2019-03-01 10:46:09] Message: Updated post ID: 516,  , Author :-  not found (assigned to Treadly) Status: publish Categories: Uncategorized  Click here to verify - Web View | Admin View 
[2019-03-01 10:46:10] Message: Updated post ID: 517,  , Author :-  not found (assigned to Treadly) Status: publish Categories: Uncategorized  Click here to verify - Web View | Admin View 
[2019-03-01 10:46:12] Message: Updated post ID: 518,  , Author :-  not found (assigned to Treadly) Status: publish Categories: Uncategorized  Click here to verify - Web View | Admin View 
[2019-03-01 10:46:13] Message: Updated post ID: 519,  , Author :-  not found (assigned to Treadly) Status: publish Categories: Uncategorized  Click here to verify - Web View | Admin View 
[2019-03-01 10:46:14] Message: Updated post ID: 520,  , Author :-  not found (assigned to Treadly) Status: publish Categories: Uncategorized  Click here to verify - Web View | Admin View 
[2019-03-01 10:46:15] Message: Updated post ID: 521,  , Author :-  not found (assigned to Treadly) Status: publish Categories: Uncategorized  Click here to verify - Web View | Admin View 
[2019-03-01 10:46:17] Message: Updated post ID: 522,  , Author :-  not found (assigned to Treadly) Status: publish Categories: Uncategorized  Click here to verify - Web View | Admin View 
[2019-03-01 10:46:18] Message: Updated post ID: 523,  , Author :-  not found (assigned to Treadly) Status: publish Categories: Uncategorized  Click here to verify - Web View | Admin View 
[2019-03-01 10:46:19] Message: Updated post ID: 524,  , Author :-  not found (assigned to Treadly) Status: publish Categories: Uncategorized  Click here to verify - Web View | Admin View 
[2019-03-01 10:46:20] Message: Updated post ID: 525,  , Author :-  not found (assigned to Treadly) Status: publish Categories: Uncategorized  Click here to verify - Web View | Admin View 
[2019-03-01 10:46:22] Message: Updated post ID: 526,  , Author :-  not found (assigned to Treadly) Status: publish Categories: Uncategorized  Click here to verify - Web View | Admin View 
[2019-03-01 10:46:23] Message: Updated post ID: 527,  , Author :-  not found (assigned to Treadly) Status: publish Categories: Uncategorized  Click here to verify - Web View | Admin View 
[2019-03-01 10:46:24] Message: Updated post ID: 528,  , Author :-  not found (assigned to Treadly) Status: publish Categories: Uncategorized  Click here to verify - Web View | Admin View 
[2019-03-01 10:46:25] Message: Updated post ID: 529,  , Author :-  not found (assigned to Treadly) Status: publish Categories: Uncategorized  Click here to verify - Web View | Admin View 
[2019-03-01 10:46:27] Message: Updated post ID: 530,  , Author :-  not found (assigned to Treadly) Status: publish Categories: Uncategorized  Click here to verify - Web View | Admin View 
[2019-03-01 10:46:28] Message: Updated post ID: 531,  , Author :-  not found (assigned to Treadly) Status: publish Categories: Uncategorized  Click here to verify - Web View | Admin View 
[2019-03-01 10:46:29] Message: Updated post ID: 532,  , Author :-  not found (assigned to Treadly) Status: publish Categories: Uncategorized  Click here to verify - Web View | Admin View 
